2020-02-28 06:53:17,910 DEBUG    root            Loaded Command Group: [u'gcloud', u'init']
2020-02-28 06:53:17,912 DEBUG    root            Running [gcloud.init] with arguments: []
2020-02-28 06:53:17,913 INFO     ___FILE_ONLY___ Welcome! This command will take you through the configuration of gcloud.


2020-02-28 06:53:17,914 INFO     ___FILE_ONLY___ Your current configuration has been set to: [default]


2020-02-28 06:53:17,915 INFO     ___FILE_ONLY___ You can skip diagnostics next time by using the following flag:

2020-02-28 06:53:17,915 INFO     ___FILE_ONLY___   gcloud init --skip-diagnostics


2020-02-28 06:53:17,915 INFO     ___FILE_ONLY___ Network diagnostic detects and fixes local network connection issues.

2020-02-28 06:53:17,916 INFO     ___FILE_ONLY___ Checking network connection...
2020-02-28 06:53:19,324 INFO     ___FILE_ONLY___ Reachability Check passed.

2020-02-28 06:53:19,324 INFO     ___FILE_ONLY___ Network diagnostic passed (1/1 checks passed).


2020-02-28 06:53:25,530 DEBUG    root            Loaded Command Group: [u'gcloud', u'auth']
2020-02-28 06:53:25,533 DEBUG    root            Loaded Command Group: [u'gcloud', u'auth', u'login']
2020-02-28 06:53:25,535 INFO     root            Executing: [gcloud auth login --force --brief]
2020-02-28 06:53:25,537 DEBUG    root            Running [gcloud.auth.login] with arguments: [--brief: "True", --force: "True"]
2020-02-28 06:53:28,919 INFO     ___FILE_ONLY___ Go to the following link in your browser:

    https://accounts.google.com/o/oauth2/auth?code_challenge=gTBFsIJy_MmQ5B_WApc3df4AVNEMnb3-dzOy7J8iSXE&prompt=select_account&code_challenge_method=S256&access_type=offline&redirect_uri=urn%3Aietf%3Awg%3Aoauth%3A2.0%3Aoob&response_type=code&client_id=32555940559.apps.googleusercontent.com&scope=https%3A%2F%2Fwww.googleapis.com%2Fauth%2Fuserinfo.email+https%3A%2F%2Fwww.googleapis.com%2Fauth%2Fcloud-platform+https%3A%2F%2Fwww.googleapis.com%2Fauth%2Fappengine.admin+https%3A%2F%2Fwww.googleapis.com%2Fauth%2Fcompute+https%3A%2F%2Fwww.googleapis.com%2Fauth%2Faccounts.reauth



2020-02-28 06:53:57,398 INFO     oauth2client.client Successfully retrieved access token
2020-02-28 06:53:57,411 INFO     root            Display format: "none"
2020-02-28 06:53:57,417 DEBUG    root            SDK update checks are disabled.
2020-02-28 06:53:57,420 INFO     ___FILE_ONLY___ You are logged in as: [gopinathselvanathan@gmail.com].


2020-02-28 06:54:16,648 WARNING  root            Project creation failed: HttpError accessing <https://cloudresourcemanager.googleapis.com/v1/projects?alt=json>: response: <{'status': '409', 'content-length': '119', 'x-xss-protection': '0', 'x-content-type-options': 'nosniff', 'transfer-encoding': 'chunked', 'vary': 'Origin, X-Origin, Referer', 'server': 'ESF', 'server-timing': 'gfet4t7; dur=1231', '-content-encoding': 'gzip', 'cache-control': 'private', 'date': 'Fri, 28 Feb 2020 06:54:16 GMT', 'x-frame-options': 'SAMEORIGIN', 'content-type': 'application/json; charset=UTF-8'}>, content <{
  "error": {
    "code": 409,
    "message": "Requested entity already exists",
    "status": "ALREADY_EXISTS"
  }
}
>
Please make sure to create the project [firstproject] using
    $ gcloud projects create firstproject
or change to another project using
    $ gcloud config set project <PROJECT ID>
2020-02-28 06:54:16,650 INFO     root            Display format: "default"
2020-02-28 06:54:16,650 DEBUG    root            SDK update checks are disabled.
