2020-03-04 08:04:17,441 DEBUG    root            Loaded Command Group: [u'gcloud', u'init']
2020-03-04 08:04:17,444 DEBUG    root            Running [gcloud.init] with arguments: []
2020-03-04 08:04:17,444 INFO     ___FILE_ONLY___ Welcome! This command will take you through the configuration of gcloud.


2020-03-04 08:04:17,445 INFO     ___FILE_ONLY___ Settings from your current configuration [default] are:

2020-03-04 08:04:17,449 INFO     ___FILE_ONLY___ core:
  account: gopinathselvanathan@gmail.com
  disable_usage_reporting: 'True'
  project: digital-strata-257820

2020-03-04 08:04:17,449 INFO     ___FILE_ONLY___ 

2020-03-04 08:13:55,955 INFO     ___FILE_ONLY___ Your current configuration has been set to: [default]


2020-03-04 08:13:55,955 INFO     ___FILE_ONLY___ You can skip diagnostics next time by using the following flag:

2020-03-04 08:13:55,955 INFO     ___FILE_ONLY___   gcloud init --skip-diagnostics


2020-03-04 08:13:55,955 INFO     ___FILE_ONLY___ Network diagnostic detects and fixes local network connection issues.

2020-03-04 08:13:55,956 INFO     ___FILE_ONLY___ Checking network connection...
2020-03-04 08:13:57,363 INFO     ___FILE_ONLY___ Reachability Check passed.

2020-03-04 08:13:57,363 INFO     ___FILE_ONLY___ Network diagnostic passed (1/1 checks passed).


2020-03-04 08:14:00,653 INFO     ___FILE_ONLY___ You are logged in as: [gopinathselvanathan@gmail.com].


2020-03-04 08:14:07,262 INFO     ___FILE_ONLY___ Your current project has been set to: [digital-strata-257820].


2020-03-04 08:14:07,965 DEBUG    root            Loaded Command Group: [u'gcloud', u'compute']
2020-03-04 08:14:08,154 DEBUG    root            Loaded Command Group: [u'gcloud', u'compute', u'project_info']
2020-03-04 08:14:08,205 DEBUG    root            Loaded Command Group: [u'gcloud', u'compute', u'project-info', u'describe']
2020-03-04 08:14:08,207 INFO     root            Executing: [gcloud compute project-info describe --quiet]
2020-03-04 08:14:08,210 DEBUG    root            Running [gcloud.compute.project-info.describe] with arguments: [--no-user-output-enabled: "false", --quiet: "True", --verbosity: "none"]
2020-03-04 08:14:09,392 INFO     root            Display disabled.
2020-03-04 08:14:09,393 DEBUG    root            SDK update checks are disabled.
2020-03-04 08:14:12,657 DEBUG    root            Not configuring default .boto file. File already exists at [/root/.boto].
2020-03-04 08:14:12,660 INFO     ___FILE_ONLY___ Your Google Cloud SDK is configured and ready to use!


2020-03-04 08:14:12,660 INFO     ___FILE_ONLY___ * Commands that require authentication will use gopinathselvanathan@gmail.com by default

2020-03-04 08:14:12,661 INFO     ___FILE_ONLY___ * Commands will reference project `digital-strata-257820` by default

2020-03-04 08:14:12,661 INFO     ___FILE_ONLY___ Run `gcloud help config` to learn how to change individual settings


2020-03-04 08:14:12,661 INFO     ___FILE_ONLY___ This gcloud configuration is called [default]. You can create additional configurations if you work with multiple accounts and/or projects.

2020-03-04 08:14:12,661 INFO     ___FILE_ONLY___ Run `gcloud topic configurations` to learn more.


2020-03-04 08:14:12,662 INFO     ___FILE_ONLY___ Some things to try next:


2020-03-04 08:14:12,662 INFO     ___FILE_ONLY___ * Run `gcloud --help` to see the Cloud Platform services you can interact with. And run `gcloud help COMMAND` to get help on any gcloud command.

2020-03-04 08:14:12,662 INFO     ___FILE_ONLY___ * Run `gcloud topic --help` to learn about advanced features of the SDK like arg files and output formatting

2020-03-04 08:14:12,663 INFO     root            Display format: "default"
2020-03-04 08:14:12,664 DEBUG    root            SDK update checks are disabled.
